2024-02-19T18:37:22.813Z [info]: Added user: revature
2024-02-19T18:37:40.727Z [info]: Added user: revature2
2024-02-19T18:43:49.661Z [info]: Added user: revature
2024-02-19T18:43:57.352Z [info]: Added user: revature
2024-02-19T18:44:48.485Z [info]: Added user: revature
2024-02-19T18:44:54.456Z [info]: Added user: revature
2024-02-19T18:45:31.391Z [info]: Added user: revature
2024-02-19T18:46:06.908Z [info]: Added user: revature2
2024-02-19T18:46:27.332Z [info]: Added user: revature
2024-02-19T19:06:56.598Z [info]: Added user: revature
2024-02-19T19:07:05.740Z [error]: Uncaught Exception: Error [ERR_HTTP_HEADERS_SENT]: Cannot write headers after they are sent to the client
2024-02-19T19:08:07.315Z [info]: Added user: revature
2024-02-19T19:08:09.672Z [info]: Added user: revature
2024-02-19T19:09:07.612Z [info]: Added user: revature
2024-02-19T19:09:17.948Z [error]: Uncaught Exception: Error [ERR_HTTP_HEADERS_SENT]: Cannot write headers after they are sent to the client
2024-02-19T19:21:05.447Z [info]: Added user: revature
2024-02-19T19:21:50.209Z [info]: Added user: revature
2024-02-19T19:22:37.119Z [info]: Added user: admin
2024-02-19T19:22:56.084Z [info]: Added user: revature
2024-02-19T19:55:34.423Z [info]: Added user: revature
2024-02-19T19:55:37.324Z [info]: Login successful: revature
2024-02-19T19:56:15.181Z [info]: Login successful: revature
2024-02-19T19:57:19.932Z [info]: Added user: revature
2024-02-19T19:57:23.696Z [info]: Login successful: revature
2024-02-19T19:58:31.634Z [info]: Added user: revature
2024-02-19T19:58:33.631Z [info]: Login successful: revature
2024-02-19T19:59:51.599Z [info]: Added user: revature
2024-02-19T19:59:54.142Z [info]: Login successful: revature
2024-02-19T19:59:56.834Z [info]: Ticket created successfully (ID: 0, User: revature)
2024-02-19T20:06:30.601Z [info]: Added user: revature
2024-02-19T20:06:33.193Z [info]: Login successful: revature
2024-02-19T20:06:40.305Z [info]: Ticket created successfully (ID: 0, User: revature)
2024-02-19T20:17:40.533Z [info]: Added user: revature
2024-02-19T20:17:43.177Z [info]: Login successful: revature
2024-02-19T20:17:46.277Z [error]: Uncaught Exception: ReferenceError: logout is not defined
2024-02-19T20:19:34.397Z [info]: Added user: revature
2024-02-19T20:19:36.024Z [info]: Login successful: revature
2024-02-19T20:19:39.633Z [info]: Logout successful: revature
2024-02-19T20:20:21.714Z [info]: Added user: revature
2024-02-19T20:20:25.802Z [info]: Login successful: revature
2024-02-19T20:20:28.820Z [info]: Logout successful: revature
2024-02-19T20:20:43.873Z [info]: Login successful: revature
2024-02-19T20:20:48.891Z [info]: Ticket created successfully (ID: 0, User: revature)
2024-02-19T20:39:38.915Z [info]: Added user: admin
2024-02-19T20:40:51.231Z [info]: Login successful: admin
2024-02-19T20:41:02.432Z [info]: Ticket created successfully (ID: 0, User: admin)
2024-02-19T20:41:03.759Z [info]: Ticket created successfully (ID: 1, User: admin)
2024-02-19T20:41:04.983Z [info]: Ticket created successfully (ID: 2, User: admin)
2024-02-19T20:41:52.986Z [info]: Displaying 3 pending tickets
2024-02-19T21:38:59.201Z [info]: Added user: revature
2024-02-19T21:39:01.931Z [info]: Added user: admin
2024-02-19T21:39:06.797Z [info]: Login successful: admin
2024-02-19T21:39:11.538Z [info]: Logout successful: admin
2024-02-19T21:39:13.740Z [info]: Login successful: revature
2024-02-19T21:39:16.807Z [info]: Ticket created successfully (ID: 0, User: revature)
2024-02-19T21:39:17.604Z [info]: Ticket created successfully (ID: 1, User: revature)
2024-02-19T21:39:19.690Z [info]: Logout successful: revature
2024-02-19T21:39:22.092Z [info]: Login successful: admin
2024-02-19T21:39:24.807Z [info]: Displaying 2 pending tickets
2024-02-19T21:39:29.769Z [info]: Logout successful: admin
2024-02-19T21:56:21.022Z [info]: Added user: admin
2024-02-19T21:56:23.754Z [info]: Login successful: admin
2024-02-19T21:56:32.714Z [info]: Ticket created successfully (ID: 0, User: admin)
2024-02-19T21:57:23.601Z [error]: Uncaught Exception: ReferenceError: approveTicket is not defined
2024-02-19T21:57:39.623Z [info]: Added user: admin
2024-02-19T21:57:41.859Z [info]: Login successful: admin
2024-02-19T21:57:46.012Z [info]: Ticket created successfully (ID: 0, User: admin)
2024-02-19T21:57:47.282Z [info]: Ticket created successfully (ID: 1, User: admin)
2024-02-19T21:57:49.983Z [info]: Displaying 2 pending tickets
2024-02-19T21:57:53.279Z [error]: Uncaught Exception: ReferenceError: approveTicket is not defined
2024-02-19T22:01:32.219Z [info]: Added user: admin
2024-02-19T22:01:36.128Z [info]: Login successful: admin
2024-02-19T22:01:39.517Z [info]: Ticket created successfully (ID: 0, User: admin)
2024-02-19T22:01:40.278Z [info]: Ticket created successfully (ID: 1, User: admin)
2024-02-19T22:01:46.800Z [info]: Displaying 2 pending tickets
2024-02-19T22:01:52.235Z [error]: Uncaught Exception: TypeError: approveTicket is not a function
2024-02-19T22:02:55.233Z [error]: Uncaught Exception: TypeError: Cannot read properties of undefined (reading 'admin')
2024-02-19T22:07:29.771Z [info]: Added user: admin
2024-02-19T22:07:34.064Z [info]: Login successful: admin
2024-02-19T22:07:37.182Z [info]: Ticket created successfully (ID: 0, User: admin)
2024-02-19T22:07:37.883Z [info]: Ticket created successfully (ID: 1, User: admin)
2024-02-19T22:07:40.320Z [info]: Displaying 2 pending tickets
2024-02-19T22:07:43.209Z [info]: Ticket #0 approved
2024-02-19T22:20:29.527Z [info]: Added user: admin
2024-02-19T22:20:32.682Z [info]: Login successful: admin
2024-02-19T22:20:35.040Z [info]: Ticket created successfully (ID: 0, User: admin)
2024-02-19T22:20:35.682Z [info]: Ticket created successfully (ID: 1, User: admin)
2024-02-19T22:20:38.445Z [info]: Displaying 2 pending tickets
2024-02-19T22:20:42.043Z [error]: Uncaught Exception: Error [ERR_HTTP_HEADERS_SENT]: Cannot write headers after they are sent to the client
2024-02-19T22:21:36.148Z [info]: Added user: admin
2024-02-19T22:21:38.081Z [info]: Login successful: admin
2024-02-19T22:21:40.104Z [info]: Ticket created successfully (ID: 0, User: admin)
2024-02-19T22:21:40.754Z [info]: Ticket created successfully (ID: 1, User: admin)
2024-02-19T22:21:42.661Z [info]: Displaying 2 pending tickets
2024-02-19T22:21:45.246Z [error]: Uncaught Exception: Error [ERR_HTTP_HEADERS_SENT]: Cannot write headers after they are sent to the client
2024-02-19T22:22:24.520Z [info]: Added user: admin
2024-02-19T22:22:27.010Z [info]: Login successful: admin
2024-02-19T22:22:30.556Z [info]: Ticket created successfully (ID: 0, User: admin)
2024-02-19T22:22:31.454Z [info]: Ticket created successfully (ID: 1, User: admin)
2024-02-19T22:22:32.396Z [info]: Ticket created successfully (ID: 2, User: admin)
2024-02-19T22:22:35.013Z [info]: Displaying 3 pending tickets
2024-02-19T22:22:37.771Z [info]: Ticket #0 approved
2024-02-19T22:24:13.526Z [info]: Added user: admin
2024-02-19T22:24:15.645Z [info]: Login successful: admin
2024-02-19T22:24:18.975Z [info]: Ticket created successfully (ID: 0, User: admin)
2024-02-19T22:24:19.672Z [info]: Ticket created successfully (ID: 1, User: admin)
2024-02-19T22:24:20.322Z [info]: Ticket created successfully (ID: 2, User: admin)
2024-02-19T22:24:22.937Z [info]: Displaying 3 pending tickets
2024-02-19T22:24:26.487Z [info]: Ticket #0 approved
2024-02-19T22:24:30.176Z [info]: Displaying 2 pending tickets
2024-02-19T22:27:04.163Z [info]: Added user: admin
2024-02-19T22:27:07.703Z [info]: Login successful: admin
2024-02-19T22:27:10.125Z [info]: Ticket created successfully (ID: 0, User: admin)
2024-02-19T22:27:10.796Z [info]: Ticket created successfully (ID: 1, User: admin)
2024-02-19T22:27:11.390Z [info]: Ticket created successfully (ID: 2, User: admin)
2024-02-19T22:27:13.591Z [info]: Displaying 3 pending tickets
2024-02-19T22:27:15.636Z [info]: Ticket #1 denied
2024-02-19T22:27:21.200Z [info]: Displaying 2 pending tickets
2024-02-19T22:27:24.464Z [info]: Ticket #0 approved
2024-02-19T22:27:30.109Z [info]: Displaying 1 pending tickets
2024-02-19T22:28:01.124Z [info]: Added user: revature
2024-02-19T22:28:03.650Z [info]: Login successful: revature
2024-02-19T22:28:07.257Z [info]: Ticket created successfully (ID: 0, User: revature)
2024-02-19T22:28:08.437Z [info]: Ticket created successfully (ID: 1, User: revature)
2024-02-19T22:28:27.374Z [info]: Logout successful: revature
2024-02-19T22:28:29.017Z [info]: Added user: admin
2024-02-19T22:28:30.981Z [info]: Login successful: admin
2024-02-19T22:28:33.296Z [info]: Displaying 2 pending tickets
2024-02-19T22:28:35.577Z [info]: Ticket #0 approved
2024-02-19T22:39:49.433Z [info]: Added user: revature
2024-02-19T22:39:51.195Z [info]: Added user: admin
2024-02-19T22:39:53.090Z [info]: Login successful: admin
2024-02-19T22:40:03.140Z [info]: Ticket created successfully (ID: 0, User: admin)
2024-02-19T22:40:06.739Z [info]: Displaying 1 pending tickets
2024-02-19T22:40:29.344Z [info]: Logout successful: admin
2024-02-19T22:40:31.274Z [info]: Login successful: revature
2024-02-19T22:40:33.620Z [info]: Ticket created successfully (ID: 1, User: revature)
2024-02-19T22:40:34.448Z [info]: Ticket created successfully (ID: 2, User: revature)
2024-02-19T22:40:59.277Z [info]: Displaying 2 previous tickets
2024-02-19T22:41:14.466Z [info]: Logout successful: revature
2024-02-19T22:41:16.649Z [info]: Login successful: admin
2024-02-19T22:41:19.705Z [info]: Displaying 1 previous tickets
2024-02-19T22:41:26.790Z [info]: Ticket #1 denied
2024-02-19T22:41:29.313Z [info]: Logout successful: admin
2024-02-19T22:41:33.850Z [info]: Login successful: revature
2024-02-19T22:41:35.984Z [info]: Displaying 2 previous tickets
