2024-02-19T18:43:57.353Z [error]: Uncaught Exception: Error [ERR_HTTP_HEADERS_SENT]: Cannot write headers after they are sent to the client
2024-02-19T18:44:54.457Z [error]: Uncaught Exception: Error [ERR_HTTP_HEADERS_SENT]: Cannot write headers after they are sent to the client
2024-02-19T18:46:27.332Z [error]: Uncaught Exception: Error [ERR_HTTP_HEADERS_SENT]: Cannot write headers after they are sent to the client
2024-02-19T19:07:05.740Z [error]: Uncaught Exception: Error [ERR_HTTP_HEADERS_SENT]: Cannot write headers after they are sent to the client
2024-02-19T19:08:09.673Z [error]: Uncaught Exception: Error [ERR_HTTP_HEADERS_SENT]: Cannot write headers after they are sent to the client
2024-02-19T19:09:17.948Z [error]: Uncaught Exception: Error [ERR_HTTP_HEADERS_SENT]: Cannot write headers after they are sent to the client
2024-02-19T19:22:56.084Z [error]: Uncaught Exception: Error [ERR_HTTP_HEADERS_SENT]: Cannot write headers after they are sent to the client
2024-02-19T20:17:46.277Z [error]: Uncaught Exception: ReferenceError: logout is not defined
2024-02-19T21:57:23.601Z [error]: Uncaught Exception: ReferenceError: approveTicket is not defined
2024-02-19T21:57:53.279Z [error]: Uncaught Exception: ReferenceError: approveTicket is not defined
2024-02-19T22:01:52.235Z [error]: Uncaught Exception: TypeError: approveTicket is not a function
2024-02-19T22:02:55.233Z [error]: Uncaught Exception: TypeError: Cannot read properties of undefined (reading 'admin')
2024-02-19T22:20:42.043Z [error]: Uncaught Exception: Error [ERR_HTTP_HEADERS_SENT]: Cannot write headers after they are sent to the client
2024-02-19T22:21:45.246Z [error]: Uncaught Exception: Error [ERR_HTTP_HEADERS_SENT]: Cannot write headers after they are sent to the client
2024-02-19T22:22:37.771Z [error]: Uncaught Exception: ReferenceError: putMessage is not defined
2024-02-21T21:42:47.511Z [error]: Uncaught Exception: TypeError: accountsDao.getAccountByUsername is not a function
2024-02-21T21:43:22.618Z [error]: Cannot read properties of undefined (reading '0')
2024-02-21T21:44:50.004Z [error]: Cannot read properties of undefined (reading '0')
2024-02-21T21:55:06.200Z [error]: Cannot read properties of undefined (reading '0')
2024-02-21T21:56:28.715Z [error]: Cannot read properties of undefined (reading '0')
2024-02-21T22:10:34.931Z [error]: Uncaught Exception: ReferenceError: boolean is not defined
